<?xml version="1.0" encoding="UTF-8"?>
<testng-results ignored="0" total="1" passed="1" failed="0" skipped="0">
  <reporter-output>
  </reporter-output>
  <suite started-at="2024-03-20T21:22:30 IST" name="Default suite" finished-at="2024-03-20T21:22:58 IST" duration-ms="27646">
    <groups>
    </groups>
    <test started-at="2024-03-20T21:22:30 IST" name="Default test" finished-at="2024-03-20T21:22:58 IST" duration-ms="27646">
      <class name="test.Naukritest">
        <test-method is-config="true" signature="setup()[pri:0, instance:test.Naukritest@55b699ef]" started-at="2024-03-20T21:22:30 IST" name="setup" finished-at="2024-03-20T21:22:35 IST" duration-ms="4495" status="PASS">
          <reporter-output>
          </reporter-output>
        </test-method> <!-- setup -->
        <test-method is-config="true" signature="url()[pri:0, instance:test.Naukritest@55b699ef]" started-at="2024-03-20T21:22:35 IST" name="url" finished-at="2024-03-20T21:22:52 IST" duration-ms="16947" status="PASS">
          <reporter-output>
          </reporter-output>
        </test-method> <!-- url -->
        <test-method signature="verifylogintest()[pri:0, instance:test.Naukritest@55b699ef]" started-at="2024-03-20T21:22:52 IST" name="verifylogintest" finished-at="2024-03-20T21:22:58 IST" duration-ms="6091" status="PASS">
          <reporter-output>
          </reporter-output>
        </test-method> <!-- verifylogintest -->
      </class> <!-- test.Naukritest -->
    </test> <!-- Default test -->
  </suite> <!-- Default suite -->
</testng-results>
